Performing system checks...

System check identified some issues:

WARNINGS:
todos.Todo: (models.W042) Auto-created primary key used when not defining a primary key type, by default 'django.db.models.AutoField'.
	HINT: Configure the DEFAULT_AUTO_FIELD setting or the TodosConfig.default_auto_field attribute to point to a subclass of AutoField, e.g. 'django.db.models.BigAutoField'.

System check identified 1 issue (0 silenced).
November 26, 2022 - 03:26:08
Django version 4.1.3, using settings 'todoApp.settings'
Starting development server at http://0.0.0.0:8001/
Quit the server with CONTROL-C.
[26/Nov/2022 03:26:27] "GET /todos/ HTTP/1.1" 200 3515
[26/Nov/2022 03:26:27] "GET /static/css/style.css HTTP/1.1" 404 179
[26/Nov/2022 03:26:28] "GET /cart.json HTTP/1.1" 404 179
Performing system checks...

System check identified some issues:

WARNINGS:
todos.Todo: (models.W042) Auto-created primary key used when not defining a primary key type, by default 'django.db.models.AutoField'.
	HINT: Configure the DEFAULT_AUTO_FIELD setting or the TodosConfig.default_auto_field attribute to point to a subclass of AutoField, e.g. 'django.db.models.BigAutoField'.

System check identified 1 issue (0 silenced).
November 28, 2022 - 21:06:02
Django version 4.1.3, using settings 'todoApp.settings'
Starting development server at http://0.0.0.0:8000/
Quit the server with CONTROL-C.
[28/Nov/2022 21:06:11] "GET /todos/ HTTP/1.1" 200 3515
[28/Nov/2022 21:06:11] "GET /static/css/style.css HTTP/1.1" 404 179
[28/Nov/2022 21:06:12] "GET /cart.json HTTP/1.1" 404 179
[28/Nov/2022 22:08:54] "GET /todos/ HTTP/1.1" 200 3515
[28/Nov/2022 22:08:55] "GET /static/css/style.css HTTP/1.1" 404 179
[28/Nov/2022 22:08:56] "GET /cart.json HTTP/1.1" 404 179
